The system is: Windows - 10.0.17763 - AMD64
Compiling the C compiler identification source file "CMakeCCompilerId.c" succeeded.
Compiler: D:/Program Files (x86)/Microsoft Visual Studio/2019/Preview/VC/Tools/MSVC/14.21.27619/bin/HostX64/x64/cl.exe 
Build flags: 
Id flags:  

The output was:
0
Microsoft (R) C/C++ Optimizing Compiler Version 19.21.27619.1 for x64
Copyright (C) Microsoft Corporation.  All rights reserved.

CMakeCCompilerId.c
Microsoft (R) Incremental Linker Version 14.21.27619.1
Copyright (C) Microsoft Corporation.  All rights reserved.

/out:CMakeCCompilerId.exe 
CMakeCCompilerId.obj 


Compilation of the C compiler identification source "CMakeCCompilerId.c" produced "CMakeCCompilerId.exe"

Compilation of the C compiler identification source "CMakeCCompilerId.c" produced "CMakeCCompilerId.obj"

The C compiler identification is MSVC, found in "D:/Programming/OpenGL/DV1573---UD1448/dependencies/include/RakNet/out/build/x64-Debug/CMakeFiles/3.14.19042201-MSVC_2/CompilerIdC/CMakeCCompilerId.exe"

Compiling the CXX compiler identification source file "CMakeCXXCompilerId.cpp" succeeded.
Compiler: D:/Program Files (x86)/Microsoft Visual Studio/2019/Preview/VC/Tools/MSVC/14.21.27619/bin/HostX64/x64/cl.exe 
Build flags: 
Id flags:  

The output was:
0
Microsoft (R) C/C++ Optimizing Compiler Version 19.21.27619.1 for x64
Copyright (C) Microsoft Corporation.  All rights reserved.

CMakeCXXCompilerId.cpp
Microsoft (R) Incremental Linker Version 14.21.27619.1
Copyright (C) Microsoft Corporation.  All rights reserved.

/out:CMakeCXXCompilerId.exe 
CMakeCXXCompilerId.obj 


Compilation of the CXX compiler identification source "CMakeCXXCompilerId.cpp" produced "CMakeCXXCompilerId.exe"

Compilation of the CXX compiler identification source "CMakeCXXCompilerId.cpp" produced "CMakeCXXCompilerId.obj"

The CXX compiler identification is MSVC, found in "D:/Programming/OpenGL/DV1573---UD1448/dependencies/include/RakNet/out/build/x64-Debug/CMakeFiles/3.14.19042201-MSVC_2/CompilerIdCXX/CMakeCXXCompilerId.exe"

Determining if the C compiler works passed with the following output:
Change Dir: D:/Programming/OpenGL/DV1573---UD1448/dependencies/include/RakNet/out/build/x64-Debug/CMakeFiles/CMakeTmp

Run Build Command(s):D:/Program Files (x86)/Microsoft Visual Studio/2019/Preview/Common7/IDE/CommonExtensions/Microsoft/CMake/Ninja/ninja.exe cmTC_3c510 
[1/2] Building C object CMakeFiles\cmTC_3c510.dir\testCCompiler.c.obj
[2/2] Linking C executable cmTC_3c510.exe


Detecting C compiler ABI info compiled with the following output:
Change Dir: D:/Programming/OpenGL/DV1573---UD1448/dependencies/include/RakNet/out/build/x64-Debug/CMakeFiles/CMakeTmp

Run Build Command(s):D:/Program Files (x86)/Microsoft Visual Studio/2019/Preview/Common7/IDE/CommonExtensions/Microsoft/CMake/Ninja/ninja.exe cmTC_53930 
[1/2] Building C object CMakeFiles\cmTC_53930.dir\CMakeCCompilerABI.c.obj
[2/2] Linking C executable cmTC_53930.exe




Detecting C [] compiler features compiled with the following output:
Change Dir: D:/Programming/OpenGL/DV1573---UD1448/dependencies/include/RakNet/out/build/x64-Debug/CMakeFiles/CMakeTmp

Run Build Command(s):D:/Program Files (x86)/Microsoft Visual Studio/2019/Preview/Common7/IDE/CommonExtensions/Microsoft/CMake/Ninja/ninja.exe cmTC_37565 
[1/2] Building C object CMakeFiles\cmTC_37565.dir\feature_tests.c.obj
[2/2] Linking C executable cmTC_37565.exe


    Feature record: C_FEATURE:1c_function_prototypes
    Feature record: C_FEATURE:1c_variadic_macros
Determining if the CXX compiler works passed with the following output:
Change Dir: D:/Programming/OpenGL/DV1573---UD1448/dependencies/include/RakNet/out/build/x64-Debug/CMakeFiles/CMakeTmp

Run Build Command(s):D:/Program Files (x86)/Microsoft Visual Studio/2019/Preview/Common7/IDE/CommonExtensions/Microsoft/CMake/Ninja/ninja.exe cmTC_b3b27 
[1/2] Building CXX object CMakeFiles\cmTC_b3b27.dir\testCXXCompiler.cxx.obj
[2/2] Linking CXX executable cmTC_b3b27.exe


